<?xml version="1.0" encoding="UTF-8"?>
<!-- Generated by org.testng.reporters.JUnitReportReporter -->
<testsuite hostname="Avengers" name="com.testng.test4" tests="1" failures="0" timestamp="7 Sep 2021 08:50:58 GMT" time="0.003" errors="0">
  <testcase name="m4" time="0.003" classname="com.testng.test4"/>
</testsuite> <!-- com.testng.test4 -->
