<?xml version="1.0" encoding="UTF-8"?>
<!-- Generated by org.testng.reporters.JUnitReportReporter -->
<testsuite hostname="Avengers" name="com.testng.test1" tests="1" failures="0" timestamp="7 Sep 2021 08:53:04 GMT" time="0.031" errors="0">
  <testcase name="m1" time="0.031" classname="com.testng.test1"/>
</testsuite> <!-- com.testng.test1 -->
