<?xml version="1.0" encoding="UTF-8"?>
<!-- Generated by org.testng.reporters.JUnitReportReporter -->
<testsuite hostname="Avengers" name="com.Tesngpkg.Testone" tests="1" failures="0" timestamp="6 Sep 2021 14:35:03 GMT" time="0.062" errors="0">
  <testcase name="m6" time="0.062" classname="com.Tesngpkg.Testone"/>
</testsuite> <!-- com.Tesngpkg.Testone -->
