<?xml version="1.0" encoding="UTF-8"?>
<!-- Generated by org.testng.reporters.JUnitReportReporter -->
<testsuite hostname="Avengers" name="com.testng.test" tests="3" failures="0" timestamp="7 Sep 2021 10:42:55 GMT" time="0.026" errors="0">
  <testcase name="logIn" time="0.020" classname="com.testng.test"/>
  <testcase name="a9" time="0.004" classname="com.testng.test"/>
  <testcase name="registration" time="0.002" classname="com.testng.test"/>
</testsuite> <!-- com.testng.test -->
